12-03-2006 16:43:14;System.NullReferenceException;Object reference not set to an instance of an object.
09-06-2006 12:41:35;System.Xml.XPath.XPathException;'download,download' has an invalid token.
09-06-2006 12:41:35;System.Xml.XPath.XPathException;'download,download' has an invalid token.
09-06-2006 17:33:21;System.Xml.XPath.XPathException;'download,download' has an invalid token.
09-06-2006 17:33:21;System.Xml.XPath.XPathException;'download,download' has an invalid token.
09-10-2006 10:20:15;System.Xml.XPath.XPathException;'about?a=4' has an invalid token.
09-10-2006 10:20:15;System.Xml.XPath.XPathException;'about?a=4' has an invalid token.
04-12-2006 11:41:13;System.Xml.XPath.XPathException;'download,download' has an invalid token.
04-12-2006 11:41:13;System.Xml.XPath.XPathException;'download,download' has an invalid token.
12-12-2006 11:31:49;System.Xml.XPath.XPathException;'download,download' has an invalid token.
12-12-2006 11:31:49;System.Xml.XPath.XPathException;'download,download' has an invalid token.
10.01.2008 23:21:35;System.Xml.XPath.XPathException;'default,download' ist ein ungültiger Token.
10.01.2008 23:21:35;System.Xml.XPath.XPathException;'default,download' ist ein ungültiger Token.
10.01.2008 23:28:12;System.Xml.XPath.XPathException;'default,download' ist ein ungültiger Token.
10.01.2008 23:28:12;System.Xml.XPath.XPathException;'default,download' ist ein ungültiger Token.
10.01.2008 23:31:39;System.Xml.XPath.XPathException;'default,download' ist ein ungültiger Token.
10.01.2008 23:31:39;System.Xml.XPath.XPathException;'default,download' ist ein ungültiger Token.
10.01.2008 23:39:16;System.Xml.XPath.XPathException;'default,download' ist ein ungültiger Token.
10.01.2008 23:39:16;System.Xml.XPath.XPathException;'default,download' ist ein ungültiger Token.
10.01.2008 23:43:18;System.Xml.XPath.XPathException;'default,download' ist ein ungültiger Token.
10.01.2008 23:43:18;System.Xml.XPath.XPathException;'default,download' ist ein ungültiger Token.
11.01.2008 15:04:29;System.Xml.XPath.XPathException;'default,download' ist ein ungültiger Token.
11.01.2008 15:04:29;System.Xml.XPath.XPathException;'default,download' ist ein ungültiger Token.
13.01.2008 20:50:01;System.Xml.XPath.XPathException;'default,download' ist ein ungültiger Token.
13.01.2008 20:50:01;System.Xml.XPath.XPathException;'default,download' ist ein ungültiger Token.
13.01.2008 20:55:21;System.Xml.XPath.XPathException;'default,download' ist ein ungültiger Token.
13.01.2008 20:55:21;System.Xml.XPath.XPathException;'default,download' ist ein ungültiger Token.
13.01.2008 21:03:39;System.Xml.XPath.XPathException;'default,download' ist ein ungültiger Token.
13.01.2008 21:03:39;System.Xml.XPath.XPathException;'default,download' ist ein ungültiger Token.
13.01.2008 21:09:13;System.Xml.XPath.XPathException;'default,download' ist ein ungültiger Token.
13.01.2008 21:09:13;System.Xml.XPath.XPathException;'default,download' ist ein ungültiger Token.
13.01.2008 21:22:23;System.Xml.XPath.XPathException;'default,download' ist ein ungültiger Token.
13.01.2008 21:22:23;System.Xml.XPath.XPathException;'default,download' ist ein ungültiger Token.
14.01.2008 14:01:01;System.Xml.XPath.XPathException;'default,download' ist ein ungültiger Token.
14.01.2008 14:01:01;System.Xml.XPath.XPathException;'default,download' ist ein ungültiger Token.
14.01.2008 14:07:24;System.Xml.XPath.XPathException;'default,download' ist ein ungültiger Token.
14.01.2008 14:07:24;System.Xml.XPath.XPathException;'default,download' ist ein ungültiger Token.
02.03.2008 21:25:48;System.Xml.XPath.XPathException;'default,download' ist ein ungültiger Token.
02.03.2008 21:25:48;System.Xml.XPath.XPathException;'default,download' ist ein ungültiger Token.
02.03.2008 21:32:48;System.Xml.XPath.XPathException;'default,download' ist ein ungültiger Token.
02.03.2008 21:32:48;System.Xml.XPath.XPathException;'default,download' ist ein ungültiger Token.
02.03.2008 21:37:05;System.Xml.XPath.XPathException;'default,download' ist ein ungültiger Token.
02.03.2008 21:37:05;System.Xml.XPath.XPathException;'default,download' ist ein ungültiger Token.
02.03.2008 21:45:53;System.Xml.XPath.XPathException;'default,download' ist ein ungültiger Token.
02.03.2008 21:45:53;System.Xml.XPath.XPathException;'default,download' ist ein ungültiger Token.
02.03.2008 21:52:39;System.Xml.XPath.XPathException;'default,download' ist ein ungültiger Token.
02.03.2008 21:52:39;System.Xml.XPath.XPathException;'default,download' ist ein ungültiger Token.
03.03.2008 20:43:53;System.Xml.XPath.XPathException;'default,download' ist ein ungültiger Token.
03.03.2008 20:43:53;System.Xml.XPath.XPathException;'default,download' ist ein ungültiger Token.
03.03.2008 20:53:03;System.Xml.XPath.XPathException;'default,download' ist ein ungültiger Token.
03.03.2008 20:53:03;System.Xml.XPath.XPathException;'default,download' ist ein ungültiger Token.
03.03.2008 20:58:36;System.Xml.XPath.XPathException;'default,download' ist ein ungültiger Token.
03.03.2008 20:58:36;System.Xml.XPath.XPathException;'default,download' ist ein ungültiger Token.
03.03.2008 21:01:36;System.Xml.XPath.XPathException;'default,download' ist ein ungültiger Token.
03.03.2008 21:01:36;System.Xml.XPath.XPathException;'default,download' ist ein ungültiger Token.
03.03.2008 21:11:36;System.Xml.XPath.XPathException;'default,download' ist ein ungültiger Token.
03.03.2008 21:11:36;System.Xml.XPath.XPathException;'default,download' ist ein ungültiger Token.
07.03.2008 15:57:48;System.Xml.XPath.XPathException;'default,download' ist ein ungültiger Token.
07.03.2008 15:57:48;System.Xml.XPath.XPathException;'default,download' ist ein ungültiger Token.
07.03.2008 16:06:38;System.Xml.XPath.XPathException;'default,download' ist ein ungültiger Token.
07.03.2008 16:06:38;System.Xml.XPath.XPathException;'default,download' ist ein ungültiger Token.
07.03.2008 16:12:46;System.Xml.XPath.XPathException;'default,download' ist ein ungültiger Token.
07.03.2008 16:12:46;System.Xml.XPath.XPathException;'default,download' ist ein ungültiger Token.
07.03.2008 16:23:49;System.Xml.XPath.XPathException;'default,download' ist ein ungültiger Token.
07.03.2008 16:23:49;System.Xml.XPath.XPathException;'default,download' ist ein ungültiger Token.
07.03.2008 16:35:53;System.Xml.XPath.XPathException;'default,download' ist ein ungültiger Token.
07.03.2008 16:35:53;System.Xml.XPath.XPathException;'default,download' ist ein ungültiger Token.
08.03.2008 04:17:44;System.Xml.XPath.XPathException;'default,download' ist ein ungültiger Token.
08.03.2008 04:17:44;System.Xml.XPath.XPathException;'default,download' ist ein ungültiger Token.
08.03.2008 04:24:05;System.Xml.XPath.XPathException;'default,download' ist ein ungültiger Token.
08.03.2008 04:24:05;System.Xml.XPath.XPathException;'default,download' ist ein ungültiger Token.
08.03.2008 04:29:33;System.Xml.XPath.XPathException;'default,download' ist ein ungültiger Token.
08.03.2008 04:29:33;System.Xml.XPath.XPathException;'default,download' ist ein ungültiger Token.
08.03.2008 04:38:41;System.Xml.XPath.XPathException;'default,download' ist ein ungültiger Token.
08.03.2008 04:38:41;System.Xml.XPath.XPathException;'default,download' ist ein ungültiger Token.
08.03.2008 04:47:02;System.Xml.XPath.XPathException;'default,download' ist ein ungültiger Token.
08.03.2008 04:47:02;System.Xml.XPath.XPathException;'default,download' ist ein ungültiger Token.
10.03.2008 17:30:53;System.Xml.XPath.XPathException;'default,download' ist ein ungültiger Token.
10.03.2008 17:30:53;System.Xml.XPath.XPathException;'default,download' ist ein ungültiger Token.
10.03.2008 17:39:19;System.Xml.XPath.XPathException;'default,download' ist ein ungültiger Token.
10.03.2008 17:39:19;System.Xml.XPath.XPathException;'default,download' ist ein ungültiger Token.
10.03.2008 17:44:39;System.Xml.XPath.XPathException;'default,download' ist ein ungültiger Token.
10.03.2008 17:44:39;System.Xml.XPath.XPathException;'default,download' ist ein ungültiger Token.
10.03.2008 17:52:21;System.Xml.XPath.XPathException;'default,download' ist ein ungültiger Token.
10.03.2008 17:52:21;System.Xml.XPath.XPathException;'default,download' ist ein ungültiger Token.
10.03.2008 17:58:20;System.Xml.XPath.XPathException;'default,download' ist ein ungültiger Token.
10.03.2008 17:58:20;System.Xml.XPath.XPathException;'default,download' ist ein ungültiger Token.
11.03.2008 09:38:28;System.Xml.XPath.XPathException;'default,download' ist ein ungültiger Token.
11.03.2008 09:38:28;System.Xml.XPath.XPathException;'default,download' ist ein ungültiger Token.
11.03.2008 09:43:14;System.Xml.XPath.XPathException;'default,download' ist ein ungültiger Token.
11.03.2008 09:43:14;System.Xml.XPath.XPathException;'default,download' ist ein ungültiger Token.
11.03.2008 09:45:33;System.Xml.XPath.XPathException;'default,download' ist ein ungültiger Token.
11.03.2008 09:45:33;System.Xml.XPath.XPathException;'default,download' ist ein ungültiger Token.
11.03.2008 09:47:17;System.Xml.XPath.XPathException;'default,download' ist ein ungültiger Token.
11.03.2008 09:47:17;System.Xml.XPath.XPathException;'default,download' ist ein ungültiger Token.
11.03.2008 09:54:44;System.Xml.XPath.XPathException;'default,download' ist ein ungültiger Token.
11.03.2008 09:54:44;System.Xml.XPath.XPathException;'default,download' ist ein ungültiger Token.
14.04.2008 20:48:13;System.IO.IOException;Der Prozess kann nicht auf die Datei zugreifen, da sie bereits von einem anderen Prozess verwendet wird.
14.04.2008 20:48:58;System.IO.IOException;Der Prozess kann nicht auf die Datei zugreifen, da sie bereits von einem anderen Prozess verwendet wird.
14.04.2008 20:49:12;System.IO.IOException;Der Prozess kann nicht auf die Datei zugreifen, da sie bereits von einem anderen Prozess verwendet wird.
14.04.2008 20:49:29;System.IO.IOException;Der Prozess kann nicht auf die Datei zugreifen, da sie bereits von einem anderen Prozess verwendet wird.
14.04.2008 20:51:43;System.IO.IOException;Der Prozess kann nicht auf die Datei zugreifen, da sie bereits von einem anderen Prozess verwendet wird.
14.04.2008 20:51:48;System.IO.IOException;Der Prozess kann nicht auf die Datei D:\vhosts\gutsch-online.de\subdomains\sharpcms\httpdocs\Custom\App_Data\Files\files\pictures\fgsdfgsfg.png zugreifen, da sie von einem anderen Prozess verwendet wird.
14.04.2008 21:11:03;System.IO.IOException;Der Prozess kann nicht auf die Datei zugreifen, da sie bereits von einem anderen Prozess verwendet wird.
14.04.2008 21:11:20;System.IO.IOException;Der Prozess kann nicht auf die Datei zugreifen, da sie bereits von einem anderen Prozess verwendet wird.
14.04.2008 21:12:13;System.IO.IOException;Der Prozess kann nicht auf die Datei zugreifen, da sie bereits von einem anderen Prozess verwendet wird.
04.07.2008 14:35:14;System.Xml.XPath.XPathException;'default,download' ist ein ungültiger Token.
04.07.2008 14:35:14;System.Xml.XPath.XPathException;'default,download' ist ein ungültiger Token.
04.07.2008 14:55:42;System.Xml.XPath.XPathException;'default,download' ist ein ungültiger Token.
04.07.2008 14:55:42;System.Xml.XPath.XPathException;'default,download' ist ein ungültiger Token.
04.07.2008 15:07:40;System.Xml.XPath.XPathException;'default,download' ist ein ungültiger Token.
04.07.2008 15:07:40;System.Xml.XPath.XPathException;'default,download' ist ein ungültiger Token.
04.07.2008 15:21:19;System.Xml.XPath.XPathException;'default,download' ist ein ungültiger Token.
04.07.2008 15:21:19;System.Xml.XPath.XPathException;'default,download' ist ein ungültiger Token.
05.07.2008 01:53:34;System.Xml.XPath.XPathException;'default,download' ist ein ungültiger Token.
05.07.2008 01:53:34;System.Xml.XPath.XPathException;'default,download' ist ein ungültiger Token.
05.07.2008 02:02:43;System.Xml.XPath.XPathException;'default,download' ist ein ungültiger Token.
05.07.2008 02:02:43;System.Xml.XPath.XPathException;'default,download' ist ein ungültiger Token.
05.07.2008 02:07:24;System.Xml.XPath.XPathException;'default,download' ist ein ungültiger Token.
05.07.2008 02:07:24;System.Xml.XPath.XPathException;'default,download' ist ein ungültiger Token.
05.07.2008 02:15:19;System.Xml.XPath.XPathException;'default,download' ist ein ungültiger Token.
05.07.2008 02:15:19;System.Xml.XPath.XPathException;'default,download' ist ein ungültiger Token.
05.07.2008 02:27:47;System.Xml.XPath.XPathException;'default,download' ist ein ungültiger Token.
05.07.2008 02:27:47;System.Xml.XPath.XPathException;'default,download' ist ein ungültiger Token.
08.07.2008 05:00:19;System.Xml.XPath.XPathException;'default,download' ist ein ungültiger Token.
08.07.2008 05:00:19;System.Xml.XPath.XPathException;'default,download' ist ein ungültiger Token.
08.07.2008 05:09:31;System.Xml.XPath.XPathException;'default,download' ist ein ungültiger Token.
08.07.2008 05:09:31;System.Xml.XPath.XPathException;'default,download' ist ein ungültiger Token.
08.07.2008 05:14:33;System.Xml.XPath.XPathException;'default,download' ist ein ungültiger Token.
08.07.2008 05:14:33;System.Xml.XPath.XPathException;'default,download' ist ein ungültiger Token.
08.07.2008 05:29:07;System.Xml.XPath.XPathException;'default,download' ist ein ungültiger Token.
08.07.2008 05:29:07;System.Xml.XPath.XPathException;'default,download' ist ein ungültiger Token.
09.07.2008 00:00:04;System.Xml.XPath.XPathException;'default,download' ist ein ungültiger Token.
09.07.2008 00:00:04;System.Xml.XPath.XPathException;'default,download' ist ein ungültiger Token.
09.07.2008 00:06:37;System.Xml.XPath.XPathException;'default,download' ist ein ungültiger Token.
09.07.2008 00:06:37;System.Xml.XPath.XPathException;'default,download' ist ein ungültiger Token.
09.07.2008 00:10:32;System.Xml.XPath.XPathException;'default,download' ist ein ungültiger Token.
09.07.2008 00:10:32;System.Xml.XPath.XPathException;'default,download' ist ein ungültiger Token.
09.07.2008 00:17:27;System.Xml.XPath.XPathException;'default,download' ist ein ungültiger Token.
09.07.2008 00:17:27;System.Xml.XPath.XPathException;'default,download' ist ein ungültiger Token.
09.07.2008 00:22:51;System.Xml.XPath.XPathException;'default,download' ist ein ungültiger Token.
09.07.2008 00:22:51;System.Xml.XPath.XPathException;'default,download' ist ein ungültiger Token.
10.07.2008 03:02:18;System.Xml.XPath.XPathException;'default,download' ist ein ungültiger Token.
10.07.2008 03:02:18;System.Xml.XPath.XPathException;'default,download' ist ein ungültiger Token.
10.07.2008 03:08:16;System.Xml.XPath.XPathException;'default,download' ist ein ungültiger Token.
10.07.2008 03:08:16;System.Xml.XPath.XPathException;'default,download' ist ein ungültiger Token.
8/25/2008 8:28:10 PM;System.Threading.ThreadAbortException;Thread was being aborted.
8/25/2008 8:28:10 PM;System.Threading.ThreadAbortException;Thread was being aborted.
8/25/2008 8:28:10 PM;System.Threading.ThreadAbortException;Thread was being aborted.
8/25/2008 8:28:10 PM;System.Threading.ThreadAbortException;Thread was being aborted.
8/25/2008 8:28:10 PM;System.Threading.ThreadAbortException;Thread was being aborted.
8/25/2008 8:28:10 PM;System.Threading.ThreadAbortException;Thread was being aborted.
8/25/2008 8:28:11 PM;System.Threading.ThreadAbortException;Thread was being aborted.
8/25/2008 8:28:11 PM;System.Threading.ThreadAbortException;Thread was being aborted.
8/25/2008 8:28:11 PM;System.Threading.ThreadAbortException;Thread was being aborted.
8/25/2008 8:28:11 PM;System.Threading.ThreadAbortException;Thread was being aborted.
8/25/2008 8:28:11 PM;System.Threading.ThreadAbortException;Thread was being aborted.
8/29/2008 8:55:10 PM;System.Threading.ThreadAbortException;Thread was being aborted.
8/29/2008 8:55:10 PM;System.Threading.ThreadAbortException;Thread was being aborted.
8/29/2008 8:55:10 PM;System.Threading.ThreadAbortException;Thread was being aborted.
8/29/2008 8:55:10 PM;System.Threading.ThreadAbortException;Thread was being aborted.
8/29/2008 8:55:10 PM;System.Threading.ThreadAbortException;Thread was being aborted.
8/29/2008 8:55:10 PM;System.Threading.ThreadAbortException;Thread was being aborted.
8/29/2008 8:55:10 PM;System.Threading.ThreadAbortException;Thread was being aborted.
8/29/2008 8:55:10 PM;System.Threading.ThreadAbortException;Thread was being aborted.
8/29/2008 8:55:11 PM;System.Threading.ThreadAbortException;Thread was being aborted.
8/29/2008 8:55:11 PM;System.Threading.ThreadAbortException;Thread was being aborted.
8/29/2008 8:55:11 PM;System.Threading.ThreadAbortException;Thread was being aborted.
8/29/2008 8:55:11 PM;System.Threading.ThreadAbortException;Thread was being aborted.
8/29/2008 8:55:12 PM;System.Threading.ThreadAbortException;Thread was being aborted.
8/29/2008 9:11:22 PM;System.Threading.ThreadAbortException;Thread was being aborted.
8/29/2008 9:11:22 PM;System.Threading.ThreadAbortException;Thread was being aborted.
8/29/2008 9:11:22 PM;System.Threading.ThreadAbortException;Thread was being aborted.
8/29/2008 9:11:22 PM;System.Threading.ThreadAbortException;Thread was being aborted.
8/29/2008 9:11:22 PM;System.Threading.ThreadAbortException;Thread was being aborted.
8/29/2008 9:11:22 PM;System.Threading.ThreadAbortException;Thread was being aborted.
8/29/2008 9:11:22 PM;System.Threading.ThreadAbortException;Thread was being aborted.
8/29/2008 9:11:22 PM;System.Threading.ThreadAbortException;Thread was being aborted.
8/29/2008 9:11:22 PM;System.Threading.ThreadAbortException;Thread was being aborted.
8/29/2008 9:11:22 PM;System.Threading.ThreadAbortException;Thread was being aborted.
8/29/2008 9:11:22 PM;System.Threading.ThreadAbortException;Thread was being aborted.
8/29/2008 9:12:50 PM;System.Threading.ThreadAbortException;Thread was being aborted.
8/29/2008 9:12:50 PM;System.Threading.ThreadAbortException;Thread was being aborted.
8/29/2008 9:12:50 PM;System.Threading.ThreadAbortException;Thread was being aborted.
8/29/2008 9:12:50 PM;System.Threading.ThreadAbortException;Thread was being aborted.
8/29/2008 9:12:50 PM;System.Threading.ThreadAbortException;Thread was being aborted.
8/29/2008 9:12:50 PM;System.Threading.ThreadAbortException;Thread was being aborted.
8/29/2008 9:12:50 PM;System.Threading.ThreadAbortException;Thread was being aborted.
8/29/2008 9:12:50 PM;System.Threading.ThreadAbortException;Thread was being aborted.
8/29/2008 9:12:50 PM;System.Threading.ThreadAbortException;Thread was being aborted.
8/29/2008 9:12:50 PM;System.Threading.ThreadAbortException;Thread was being aborted.
8/29/2008 9:12:50 PM;System.Threading.ThreadAbortException;Thread was being aborted.
8/30/2008 6:26:14 AM;System.Threading.ThreadAbortException;Thread was being aborted.
8/30/2008 6:26:14 AM;System.Threading.ThreadAbortException;Thread was being aborted.
8/30/2008 6:26:14 AM;System.Threading.ThreadAbortException;Thread was being aborted.
8/30/2008 6:26:14 AM;System.Threading.ThreadAbortException;Thread was being aborted.
8/30/2008 6:26:14 AM;System.Threading.ThreadAbortException;Thread was being aborted.
8/30/2008 6:26:14 AM;System.Threading.ThreadAbortException;Thread was being aborted.
8/30/2008 6:26:14 AM;System.Threading.ThreadAbortException;Thread was being aborted.
8/30/2008 6:26:14 AM;System.Threading.ThreadAbortException;Thread was being aborted.
8/30/2008 6:26:14 AM;System.Threading.ThreadAbortException;Thread was being aborted.
8/30/2008 6:26:14 AM;System.Threading.ThreadAbortException;Thread was being aborted.
8/30/2008 6:26:14 AM;System.Threading.ThreadAbortException;Thread was being aborted.
8/30/2008 6:27:21 AM;System.Threading.ThreadAbortException;Thread was being aborted.
8/30/2008 6:27:21 AM;System.Threading.ThreadAbortException;Thread was being aborted.
8/30/2008 6:27:21 AM;System.Threading.ThreadAbortException;Thread was being aborted.
8/30/2008 6:27:21 AM;System.Threading.ThreadAbortException;Thread was being aborted.
8/30/2008 6:27:21 AM;System.Threading.ThreadAbortException;Thread was being aborted.
8/30/2008 6:27:21 AM;System.Threading.ThreadAbortException;Thread was being aborted.
8/30/2008 6:27:21 AM;System.Threading.ThreadAbortException;Thread was being aborted.
8/30/2008 6:27:21 AM;System.Threading.ThreadAbortException;Thread was being aborted.
8/30/2008 6:27:21 AM;System.Threading.ThreadAbortException;Thread was being aborted.
8/30/2008 6:27:21 AM;System.Threading.ThreadAbortException;Thread was being aborted.
8/30/2008 6:27:22 AM;System.Threading.ThreadAbortException;Thread was being aborted.
8/30/2008 6:27:29 AM;System.Threading.ThreadAbortException;Thread was being aborted.
8/30/2008 6:27:29 AM;System.Threading.ThreadAbortException;Thread was being aborted.
8/30/2008 6:27:29 AM;System.Threading.ThreadAbortException;Thread was being aborted.
8/30/2008 6:27:29 AM;System.Threading.ThreadAbortException;Thread was being aborted.
8/30/2008 6:27:29 AM;System.Threading.ThreadAbortException;Thread was being aborted.
8/30/2008 6:27:29 AM;System.Threading.ThreadAbortException;Thread was being aborted.
8/30/2008 6:27:29 AM;System.Threading.ThreadAbortException;Thread was being aborted.
8/30/2008 6:27:29 AM;System.Threading.ThreadAbortException;Thread was being aborted.
8/30/2008 6:27:29 AM;System.Threading.ThreadAbortException;Thread was being aborted.
8/30/2008 6:27:29 AM;System.Threading.ThreadAbortException;Thread was being aborted.
8/30/2008 6:27:29 AM;System.Threading.ThreadAbortException;Thread was being aborted.
8/30/2008 6:28:25 AM;System.Threading.ThreadAbortException;Thread was being aborted.
8/30/2008 6:28:25 AM;System.Threading.ThreadAbortException;Thread was being aborted.
8/30/2008 6:28:25 AM;System.Threading.ThreadAbortException;Thread was being aborted.
8/30/2008 6:28:25 AM;System.Threading.ThreadAbortException;Thread was being aborted.
8/30/2008 6:28:25 AM;System.Threading.ThreadAbortException;Thread was being aborted.
8/30/2008 6:28:25 AM;System.Threading.ThreadAbortException;Thread was being aborted.
8/30/2008 6:28:25 AM;System.Threading.ThreadAbortException;Thread was being aborted.
8/30/2008 6:28:25 AM;System.Threading.ThreadAbortException;Thread was being aborted.
8/30/2008 6:28:25 AM;System.Threading.ThreadAbortException;Thread was being aborted.
8/30/2008 6:28:25 AM;System.Threading.ThreadAbortException;Thread was being aborted.
8/30/2008 6:28:25 AM;System.Threading.ThreadAbortException;Thread was being aborted.
8/30/2008 6:29:23 AM;System.Threading.ThreadAbortException;Thread was being aborted.
8/30/2008 6:29:23 AM;System.Threading.ThreadAbortException;Thread was being aborted.
8/30/2008 6:29:23 AM;System.Threading.ThreadAbortException;Thread was being aborted.
8/30/2008 6:29:23 AM;System.Threading.ThreadAbortException;Thread was being aborted.
8/30/2008 6:29:23 AM;System.Threading.ThreadAbortException;Thread was being aborted.
8/30/2008 6:29:23 AM;System.Threading.ThreadAbortException;Thread was being aborted.
8/30/2008 6:29:23 AM;System.Threading.ThreadAbortException;Thread was being aborted.
8/30/2008 6:29:23 AM;System.Threading.ThreadAbortException;Thread was being aborted.
8/30/2008 6:29:23 AM;System.Threading.ThreadAbortException;Thread was being aborted.
8/30/2008 6:29:23 AM;System.Threading.ThreadAbortException;Thread was being aborted.
8/30/2008 6:29:23 AM;System.Threading.ThreadAbortException;Thread was being aborted.
8/30/2008 6:30:18 AM;System.Threading.ThreadAbortException;Thread was being aborted.
8/30/2008 6:30:18 AM;System.Threading.ThreadAbortException;Thread was being aborted.
8/30/2008 6:30:18 AM;System.Threading.ThreadAbortException;Thread was being aborted.
8/30/2008 6:30:18 AM;System.Threading.ThreadAbortException;Thread was being aborted.
8/30/2008 6:30:18 AM;System.Threading.ThreadAbortException;Thread was being aborted.
8/30/2008 6:30:18 AM;System.Threading.ThreadAbortException;Thread was being aborted.
8/30/2008 6:30:18 AM;System.Threading.ThreadAbortException;Thread was being aborted.
8/30/2008 6:30:18 AM;System.Threading.ThreadAbortException;Thread was being aborted.
8/30/2008 6:30:18 AM;System.Threading.ThreadAbortException;Thread was being aborted.
8/30/2008 6:30:18 AM;System.Threading.ThreadAbortException;Thread was being aborted.
8/30/2008 6:30:19 AM;System.Threading.ThreadAbortException;Thread was being aborted.
8/30/2008 6:32:30 AM;System.Threading.ThreadAbortException;Thread was being aborted.
8/30/2008 6:32:30 AM;System.Threading.ThreadAbortException;Thread was being aborted.
8/30/2008 6:32:30 AM;System.Threading.ThreadAbortException;Thread was being aborted.
8/30/2008 6:32:30 AM;System.Threading.ThreadAbortException;Thread was being aborted.
8/30/2008 6:32:30 AM;System.Threading.ThreadAbortException;Thread was being aborted.
8/30/2008 6:32:30 AM;System.Threading.ThreadAbortException;Thread was being aborted.
8/30/2008 6:32:30 AM;System.Threading.ThreadAbortException;Thread was being aborted.
8/30/2008 6:32:30 AM;System.Threading.ThreadAbortException;Thread was being aborted.
8/30/2008 6:32:30 AM;System.Threading.ThreadAbortException;Thread was being aborted.
8/30/2008 6:32:30 AM;System.Threading.ThreadAbortException;Thread was being aborted.
8/30/2008 6:32:30 AM;System.Threading.ThreadAbortException;Thread was being aborted.
8/30/2008 6:32:51 AM;System.Threading.ThreadAbortException;Thread was being aborted.
8/30/2008 6:32:51 AM;System.Threading.ThreadAbortException;Thread was being aborted.
8/30/2008 6:32:51 AM;System.Threading.ThreadAbortException;Thread was being aborted.
8/30/2008 6:32:51 AM;System.Threading.ThreadAbortException;Thread was being aborted.
8/30/2008 6:32:51 AM;System.Threading.ThreadAbortException;Thread was being aborted.
8/30/2008 6:32:51 AM;System.Threading.ThreadAbortException;Thread was being aborted.
8/30/2008 6:32:52 AM;System.Threading.ThreadAbortException;Thread was being aborted.
8/30/2008 6:32:52 AM;System.Threading.ThreadAbortException;Thread was being aborted.
8/30/2008 6:32:53 AM;System.Threading.ThreadAbortException;Thread was being aborted.
8/30/2008 6:32:53 AM;System.Threading.ThreadAbortException;Thread was being aborted.
8/30/2008 6:32:54 AM;System.Threading.ThreadAbortException;Thread was being aborted.
8/30/2008 6:33:48 AM;System.Threading.ThreadAbortException;Thread was being aborted.
8/30/2008 6:33:48 AM;System.Threading.ThreadAbortException;Thread was being aborted.
8/30/2008 6:33:48 AM;System.Threading.ThreadAbortException;Thread was being aborted.
8/30/2008 6:33:48 AM;System.Threading.ThreadAbortException;Thread was being aborted.
8/30/2008 6:33:48 AM;System.Threading.ThreadAbortException;Thread was being aborted.
8/30/2008 6:33:48 AM;System.Threading.ThreadAbortException;Thread was being aborted.
8/30/2008 6:33:48 AM;System.Threading.ThreadAbortException;Thread was being aborted.
8/30/2008 6:33:49 AM;System.Threading.ThreadAbortException;Thread was being aborted.
8/30/2008 6:33:49 AM;System.Threading.ThreadAbortException;Thread was being aborted.
8/30/2008 6:33:50 AM;System.Threading.ThreadAbortException;Thread was being aborted.
8/30/2008 6:33:50 AM;System.Threading.ThreadAbortException;Thread was being aborted.
8/30/2008 6:34:53 AM;System.Threading.ThreadAbortException;Thread was being aborted.
8/30/2008 6:34:53 AM;System.Threading.ThreadAbortException;Thread was being aborted.
8/30/2008 6:34:53 AM;System.Threading.ThreadAbortException;Thread was being aborted.
8/30/2008 6:34:53 AM;System.Threading.ThreadAbortException;Thread was being aborted.
8/30/2008 6:34:53 AM;System.Threading.ThreadAbortException;Thread was being aborted.
8/30/2008 6:34:53 AM;System.Threading.ThreadAbortException;Thread was being aborted.
8/30/2008 6:34:53 AM;System.Threading.ThreadAbortException;Thread was being aborted.
8/30/2008 6:34:53 AM;System.Threading.ThreadAbortException;Thread was being aborted.
8/30/2008 6:34:53 AM;System.Threading.ThreadAbortException;Thread was being aborted.
8/30/2008 6:34:53 AM;System.Threading.ThreadAbortException;Thread was being aborted.
8/30/2008 6:34:53 AM;System.Threading.ThreadAbortException;Thread was being aborted.
8/30/2008 6:34:59 AM;System.Threading.ThreadAbortException;Thread was being aborted.
8/30/2008 6:34:59 AM;System.Threading.ThreadAbortException;Thread was being aborted.
8/30/2008 6:34:59 AM;System.Threading.ThreadAbortException;Thread was being aborted.
8/30/2008 6:34:59 AM;System.Threading.ThreadAbortException;Thread was being aborted.
8/30/2008 6:34:59 AM;System.Threading.ThreadAbortException;Thread was being aborted.
8/30/2008 6:34:59 AM;System.Threading.ThreadAbortException;Thread was being aborted.
8/30/2008 6:34:59 AM;System.Threading.ThreadAbortException;Thread was being aborted.
8/30/2008 6:34:59 AM;System.Threading.ThreadAbortException;Thread was being aborted.
8/30/2008 6:34:59 AM;System.Threading.ThreadAbortException;Thread was being aborted.
8/30/2008 6:35:00 AM;System.Threading.ThreadAbortException;Thread was being aborted.
8/30/2008 6:35:01 AM;System.Threading.ThreadAbortException;Thread was being aborted.
8/30/2008 6:35:10 AM;System.Threading.ThreadAbortException;Thread was being aborted.
8/30/2008 6:35:11 AM;System.Threading.ThreadAbortException;Thread was being aborted.
8/30/2008 6:35:11 AM;System.Threading.ThreadAbortException;Thread was being aborted.
8/30/2008 6:35:11 AM;System.Threading.ThreadAbortException;Thread was being aborted.
8/30/2008 6:35:11 AM;System.Threading.ThreadAbortException;Thread was being aborted.
8/30/2008 6:35:11 AM;System.Threading.ThreadAbortException;Thread was being aborted.
8/30/2008 6:35:11 AM;System.Threading.ThreadAbortException;Thread was being aborted.
8/30/2008 6:35:11 AM;System.Threading.ThreadAbortException;Thread was being aborted.
8/30/2008 6:35:11 AM;System.Threading.ThreadAbortException;Thread was being aborted.
8/30/2008 6:35:11 AM;System.Threading.ThreadAbortException;Thread was being aborted.
8/30/2008 6:35:11 AM;System.Threading.ThreadAbortException;Thread was being aborted.
8/30/2008 6:35:14 AM;System.Threading.ThreadAbortException;Thread was being aborted.
8/30/2008 6:35:14 AM;System.Threading.ThreadAbortException;Thread was being aborted.
8/30/2008 6:35:14 AM;System.Threading.ThreadAbortException;Thread was being aborted.
8/30/2008 6:35:14 AM;System.Threading.ThreadAbortException;Thread was being aborted.
8/30/2008 6:35:14 AM;System.Threading.ThreadAbortException;Thread was being aborted.
8/30/2008 6:35:15 AM;System.Threading.ThreadAbortException;Thread was being aborted.
8/30/2008 6:35:15 AM;System.Threading.ThreadAbortException;Thread was being aborted.
8/30/2008 6:35:15 AM;System.Threading.ThreadAbortException;Thread was being aborted.
8/30/2008 6:35:16 AM;System.Threading.ThreadAbortException;Thread was being aborted.
8/30/2008 6:35:16 AM;System.Threading.ThreadAbortException;Thread was being aborted.
8/30/2008 6:35:17 AM;System.Threading.ThreadAbortException;Thread was being aborted.
8/30/2008 6:37:42 AM;System.Threading.ThreadAbortException;Thread was being aborted.
8/30/2008 6:37:42 AM;System.Threading.ThreadAbortException;Thread was being aborted.
8/30/2008 6:37:42 AM;System.Threading.ThreadAbortException;Thread was being aborted.
8/30/2008 6:37:42 AM;System.Threading.ThreadAbortException;Thread was being aborted.
8/30/2008 6:37:42 AM;System.Threading.ThreadAbortException;Thread was being aborted.
8/30/2008 6:37:42 AM;System.Threading.ThreadAbortException;Thread was being aborted.
8/30/2008 6:37:42 AM;System.Threading.ThreadAbortException;Thread was being aborted.
8/30/2008 6:37:42 AM;System.Threading.ThreadAbortException;Thread was being aborted.
8/30/2008 6:37:42 AM;System.Threading.ThreadAbortException;Thread was being aborted.
8/30/2008 6:37:42 AM;System.Threading.ThreadAbortException;Thread was being aborted.
8/30/2008 6:37:43 AM;System.Threading.ThreadAbortException;Thread was being aborted.
8/30/2008 6:37:49 AM;System.Threading.ThreadAbortException;Thread was being aborted.
8/30/2008 6:37:49 AM;System.Threading.ThreadAbortException;Thread was being aborted.
8/30/2008 6:37:49 AM;System.Threading.ThreadAbortException;Thread was being aborted.
8/30/2008 6:37:49 AM;System.Threading.ThreadAbortException;Thread was being aborted.
8/30/2008 6:37:49 AM;System.Threading.ThreadAbortException;Thread was being aborted.
8/30/2008 6:37:49 AM;System.Threading.ThreadAbortException;Thread was being aborted.
8/30/2008 6:37:49 AM;System.Threading.ThreadAbortException;Thread was being aborted.
8/30/2008 6:37:49 AM;System.Threading.ThreadAbortException;Thread was being aborted.
8/30/2008 6:37:49 AM;System.Threading.ThreadAbortException;Thread was being aborted.
8/30/2008 6:37:49 AM;System.Threading.ThreadAbortException;Thread was being aborted.
8/30/2008 6:37:50 AM;System.Threading.ThreadAbortException;Thread was being aborted.
8/30/2008 6:39:14 AM;System.Threading.ThreadAbortException;Thread was being aborted.
8/30/2008 6:39:14 AM;System.Threading.ThreadAbortException;Thread was being aborted.
8/30/2008 6:39:14 AM;System.Threading.ThreadAbortException;Thread was being aborted.
8/30/2008 6:39:14 AM;System.Threading.ThreadAbortException;Thread was being aborted.
8/30/2008 6:39:14 AM;System.Threading.ThreadAbortException;Thread was being aborted.
8/30/2008 6:39:14 AM;System.Threading.ThreadAbortException;Thread was being aborted.
8/30/2008 6:39:14 AM;System.Threading.ThreadAbortException;Thread was being aborted.
8/30/2008 6:39:14 AM;System.Threading.ThreadAbortException;Thread was being aborted.
8/30/2008 6:39:14 AM;System.Threading.ThreadAbortException;Thread was being aborted.
8/30/2008 6:39:14 AM;System.Threading.ThreadAbortException;Thread was being aborted.
8/30/2008 6:39:14 AM;System.Threading.ThreadAbortException;Thread was being aborted.
8/30/2008 6:39:24 AM;System.Threading.ThreadAbortException;Thread was being aborted.
8/30/2008 6:39:24 AM;System.Threading.ThreadAbortException;Thread was being aborted.
8/30/2008 6:39:24 AM;System.Threading.ThreadAbortException;Thread was being aborted.
8/30/2008 6:39:24 AM;System.Threading.ThreadAbortException;Thread was being aborted.
8/30/2008 6:39:24 AM;System.Threading.ThreadAbortException;Thread was being aborted.
8/30/2008 6:39:24 AM;System.Threading.ThreadAbortException;Thread was being aborted.
8/30/2008 6:39:24 AM;System.Threading.ThreadAbortException;Thread was being aborted.
8/30/2008 6:39:25 AM;System.Threading.ThreadAbortException;Thread was being aborted.
8/30/2008 6:39:25 AM;System.Threading.ThreadAbortException;Thread was being aborted.
8/30/2008 6:39:26 AM;System.Threading.ThreadAbortException;Thread was being aborted.
8/30/2008 6:39:26 AM;System.Threading.ThreadAbortException;Thread was being aborted.
8/30/2008 6:40:10 AM;System.Threading.ThreadAbortException;Thread was being aborted.
8/30/2008 6:40:10 AM;System.Threading.ThreadAbortException;Thread was being aborted.
8/30/2008 6:40:10 AM;System.Threading.ThreadAbortException;Thread was being aborted.
8/30/2008 6:40:10 AM;System.Threading.ThreadAbortException;Thread was being aborted.
8/30/2008 6:40:10 AM;System.Threading.ThreadAbortException;Thread was being aborted.
8/30/2008 6:40:10 AM;System.Threading.ThreadAbortException;Thread was being aborted.
8/30/2008 6:40:10 AM;System.Threading.ThreadAbortException;Thread was being aborted.
8/30/2008 6:40:10 AM;System.Threading.ThreadAbortException;Thread was being aborted.
8/30/2008 6:40:10 AM;System.Threading.ThreadAbortException;Thread was being aborted.
8/30/2008 6:40:10 AM;System.Threading.ThreadAbortException;Thread was being aborted.
8/30/2008 6:40:10 AM;System.Threading.ThreadAbortException;Thread was being aborted.
8/30/2008 6:40:16 AM;System.Threading.ThreadAbortException;Thread was being aborted.
8/30/2008 6:40:16 AM;System.Threading.ThreadAbortException;Thread was being aborted.
8/30/2008 6:40:16 AM;System.Threading.ThreadAbortException;Thread was being aborted.
8/30/2008 6:40:16 AM;System.Threading.ThreadAbortException;Thread was being aborted.
8/30/2008 6:40:16 AM;System.Threading.ThreadAbortException;Thread was being aborted.
8/30/2008 6:40:16 AM;System.Threading.ThreadAbortException;Thread was being aborted.
8/30/2008 6:40:16 AM;System.Threading.ThreadAbortException;Thread was being aborted.
8/30/2008 6:40:16 AM;System.Threading.ThreadAbortException;Thread was being aborted.
8/30/2008 6:40:16 AM;System.Threading.ThreadAbortException;Thread was being aborted.
8/30/2008 6:40:17 AM;System.Threading.ThreadAbortException;Thread was being aborted.
8/30/2008 6:40:17 AM;System.Threading.ThreadAbortException;Thread was being aborted.
8/30/2008 6:41:10 AM;System.Threading.ThreadAbortException;Thread was being aborted.
8/30/2008 6:41:11 AM;System.Threading.ThreadAbortException;Thread was being aborted.
8/30/2008 6:41:11 AM;System.Threading.ThreadAbortException;Thread was being aborted.
8/30/2008 6:41:11 AM;System.Threading.ThreadAbortException;Thread was being aborted.
8/30/2008 6:41:11 AM;System.Threading.ThreadAbortException;Thread was being aborted.
8/30/2008 6:41:11 AM;System.Threading.ThreadAbortException;Thread was being aborted.
8/30/2008 6:41:11 AM;System.Threading.ThreadAbortException;Thread was being aborted.
8/30/2008 6:41:11 AM;System.Threading.ThreadAbortException;Thread was being aborted.
8/30/2008 6:41:11 AM;System.Threading.ThreadAbortException;Thread was being aborted.
8/30/2008 6:41:11 AM;System.Threading.ThreadAbortException;Thread was being aborted.
8/30/2008 6:41:11 AM;System.Threading.ThreadAbortException;Thread was being aborted.
8/30/2008 6:41:14 AM;System.Threading.ThreadAbortException;Thread was being aborted.
8/30/2008 6:41:14 AM;System.Threading.ThreadAbortException;Thread was being aborted.
8/30/2008 6:41:14 AM;System.Threading.ThreadAbortException;Thread was being aborted.
8/30/2008 6:41:14 AM;System.Threading.ThreadAbortException;Thread was being aborted.
8/30/2008 6:41:14 AM;System.Threading.ThreadAbortException;Thread was being aborted.
8/30/2008 6:41:14 AM;System.Threading.ThreadAbortException;Thread was being aborted.
8/30/2008 6:41:14 AM;System.Threading.ThreadAbortException;Thread was being aborted.
8/30/2008 6:41:14 AM;System.Threading.ThreadAbortException;Thread was being aborted.
8/30/2008 6:41:15 AM;System.Threading.ThreadAbortException;Thread was being aborted.
8/30/2008 6:41:15 AM;System.Threading.ThreadAbortException;Thread was being aborted.
8/30/2008 6:41:16 AM;System.Threading.ThreadAbortException;Thread was being aborted.
8/30/2008 6:41:49 AM;System.Threading.ThreadAbortException;Thread was being aborted.
8/30/2008 6:41:49 AM;System.Threading.ThreadAbortException;Thread was being aborted.
8/30/2008 6:41:49 AM;System.Threading.ThreadAbortException;Thread was being aborted.
8/30/2008 6:41:49 AM;System.Threading.ThreadAbortException;Thread was being aborted.
8/30/2008 6:41:49 AM;System.Threading.ThreadAbortException;Thread was being aborted.
8/30/2008 6:41:49 AM;System.Threading.ThreadAbortException;Thread was being aborted.
8/30/2008 6:41:49 AM;System.Threading.ThreadAbortException;Thread was being aborted.
8/30/2008 6:41:49 AM;System.Threading.ThreadAbortException;Thread was being aborted.
8/30/2008 6:41:49 AM;System.Threading.ThreadAbortException;Thread was being aborted.
8/30/2008 6:41:50 AM;System.Threading.ThreadAbortException;Thread was being aborted.
8/30/2008 6:41:50 AM;System.Threading.ThreadAbortException;Thread was being aborted.
8/30/2008 6:41:56 AM;System.Threading.ThreadAbortException;Thread was being aborted.
8/30/2008 6:41:56 AM;System.Threading.ThreadAbortException;Thread was being aborted.
8/30/2008 6:41:56 AM;System.Threading.ThreadAbortException;Thread was being aborted.
8/30/2008 6:41:56 AM;System.Threading.ThreadAbortException;Thread was being aborted.
8/30/2008 6:41:56 AM;System.Threading.ThreadAbortException;Thread was being aborted.
8/30/2008 6:41:56 AM;System.Threading.ThreadAbortException;Thread was being aborted.
8/30/2008 6:41:56 AM;System.Threading.ThreadAbortException;Thread was being aborted.
8/30/2008 6:41:57 AM;System.Threading.ThreadAbortException;Thread was being aborted.
8/30/2008 6:41:58 AM;System.Threading.ThreadAbortException;Thread was being aborted.
8/30/2008 6:41:58 AM;System.Threading.ThreadAbortException;Thread was being aborted.
8/30/2008 6:41:59 AM;System.Threading.ThreadAbortException;Thread was being aborted.
8/30/2008 6:42:40 AM;System.Threading.ThreadAbortException;Thread was being aborted.
8/30/2008 6:42:40 AM;System.Threading.ThreadAbortException;Thread was being aborted.
8/30/2008 6:42:40 AM;System.Threading.ThreadAbortException;Thread was being aborted.
8/30/2008 6:42:40 AM;System.Threading.ThreadAbortException;Thread was being aborted.
8/30/2008 6:42:40 AM;System.Threading.ThreadAbortException;Thread was being aborted.
8/30/2008 6:42:40 AM;System.Threading.ThreadAbortException;Thread was being aborted.
8/30/2008 6:42:40 AM;System.Threading.ThreadAbortException;Thread was being aborted.
8/30/2008 6:42:40 AM;System.Threading.ThreadAbortException;Thread was being aborted.
8/30/2008 6:42:40 AM;System.Threading.ThreadAbortException;Thread was being aborted.
8/30/2008 6:42:40 AM;System.Threading.ThreadAbortException;Thread was being aborted.
8/30/2008 6:42:41 AM;System.Threading.ThreadAbortException;Thread was being aborted.
8/30/2008 6:42:45 AM;System.Threading.ThreadAbortException;Thread was being aborted.
8/30/2008 6:42:45 AM;System.Threading.ThreadAbortException;Thread was being aborted.
8/30/2008 6:42:45 AM;System.Threading.ThreadAbortException;Thread was being aborted.
8/30/2008 6:42:45 AM;System.Threading.ThreadAbortException;Thread was being aborted.
8/30/2008 6:42:45 AM;System.Threading.ThreadAbortException;Thread was being aborted.
8/30/2008 6:42:45 AM;System.Threading.ThreadAbortException;Thread was being aborted.
8/30/2008 6:42:45 AM;System.Threading.ThreadAbortException;Thread was being aborted.
8/30/2008 6:42:45 AM;System.Threading.ThreadAbortException;Thread was being aborted.
8/30/2008 6:42:46 AM;System.Threading.ThreadAbortException;Thread was being aborted.
8/30/2008 6:42:46 AM;System.Threading.ThreadAbortException;Thread was being aborted.
8/30/2008 6:42:47 AM;System.Threading.ThreadAbortException;Thread was being aborted.
8/30/2008 6:43:00 AM;System.Threading.ThreadAbortException;Thread was being aborted.
8/30/2008 6:43:00 AM;System.Threading.ThreadAbortException;Thread was being aborted.
8/30/2008 6:43:00 AM;System.Threading.ThreadAbortException;Thread was being aborted.
8/30/2008 6:43:00 AM;System.Threading.ThreadAbortException;Thread was being aborted.
8/30/2008 6:43:00 AM;System.Threading.ThreadAbortException;Thread was being aborted.
8/30/2008 6:43:00 AM;System.Threading.ThreadAbortException;Thread was being aborted.
8/30/2008 6:43:00 AM;System.Threading.ThreadAbortException;Thread was being aborted.
8/30/2008 6:43:00 AM;System.Threading.ThreadAbortException;Thread was being aborted.
8/30/2008 6:43:00 AM;System.Threading.ThreadAbortException;Thread was being aborted.
8/30/2008 6:43:00 AM;System.Threading.ThreadAbortException;Thread was being aborted.
8/30/2008 6:43:01 AM;System.Threading.ThreadAbortException;Thread was being aborted.
8/30/2008 6:43:04 AM;System.Threading.ThreadAbortException;Thread was being aborted.
8/30/2008 6:43:04 AM;System.Threading.ThreadAbortException;Thread was being aborted.
8/30/2008 6:43:04 AM;System.Threading.ThreadAbortException;Thread was being aborted.
8/30/2008 6:43:04 AM;System.Threading.ThreadAbortException;Thread was being aborted.
8/30/2008 6:43:04 AM;System.Threading.ThreadAbortException;Thread was being aborted.
8/30/2008 6:43:04 AM;System.Threading.ThreadAbortException;Thread was being aborted.
8/30/2008 6:43:04 AM;System.Threading.ThreadAbortException;Thread was being aborted.
8/30/2008 6:43:05 AM;System.Threading.ThreadAbortException;Thread was being aborted.
8/30/2008 6:43:05 AM;System.Threading.ThreadAbortException;Thread was being aborted.
8/30/2008 6:43:06 AM;System.Threading.ThreadAbortException;Thread was being aborted.
8/30/2008 6:43:06 AM;System.Threading.ThreadAbortException;Thread was being aborted.
8/30/2008 6:43:59 AM;System.Threading.ThreadAbortException;Thread was being aborted.
8/30/2008 6:43:59 AM;System.Threading.ThreadAbortException;Thread was being aborted.
8/30/2008 6:43:59 AM;System.Threading.ThreadAbortException;Thread was being aborted.
8/30/2008 6:43:59 AM;System.Threading.ThreadAbortException;Thread was being aborted.
8/30/2008 6:43:59 AM;System.Threading.ThreadAbortException;Thread was being aborted.
8/30/2008 6:43:59 AM;System.Threading.ThreadAbortException;Thread was being aborted.
8/30/2008 6:44:00 AM;System.Threading.ThreadAbortException;Thread was being aborted.
8/30/2008 6:44:00 AM;System.Threading.ThreadAbortException;Thread was being aborted.
8/30/2008 6:44:01 AM;System.Threading.ThreadAbortException;Thread was being aborted.
8/30/2008 6:44:01 AM;System.Threading.ThreadAbortException;Thread was being aborted.
8/30/2008 6:44:02 AM;System.Threading.ThreadAbortException;Thread was being aborted.
8/30/2008 6:44:11 AM;System.Threading.ThreadAbortException;Thread was being aborted.
8/30/2008 6:44:11 AM;System.Threading.ThreadAbortException;Thread was being aborted.
8/30/2008 6:44:11 AM;System.Threading.ThreadAbortException;Thread was being aborted.
8/30/2008 6:44:11 AM;System.Threading.ThreadAbortException;Thread was being aborted.
8/30/2008 6:44:11 AM;System.Threading.ThreadAbortException;Thread was being aborted.
8/30/2008 6:44:11 AM;System.Threading.ThreadAbortException;Thread was being aborted.
8/30/2008 6:44:11 AM;System.Threading.ThreadAbortException;Thread was being aborted.
8/30/2008 6:44:11 AM;System.Threading.ThreadAbortException;Thread was being aborted.
8/30/2008 6:44:11 AM;System.Threading.ThreadAbortException;Thread was being aborted.
8/30/2008 6:44:11 AM;System.Threading.ThreadAbortException;Thread was being aborted.
8/30/2008 6:44:12 AM;System.Threading.ThreadAbortException;Thread was being aborted.
8/30/2008 6:44:12 AM;System.Threading.ThreadAbortException;Thread was being aborted.
8/30/2008 6:44:12 AM;System.Threading.ThreadAbortException;Thread was being aborted.
8/30/2008 6:44:28 AM;System.Threading.ThreadAbortException;Thread was being aborted.
8/30/2008 6:44:28 AM;System.Threading.ThreadAbortException;Thread was being aborted.
8/30/2008 6:44:28 AM;System.Threading.ThreadAbortException;Thread was being aborted.
8/30/2008 6:44:28 AM;System.Threading.ThreadAbortException;Thread was being aborted.
8/30/2008 6:44:28 AM;System.Threading.ThreadAbortException;Thread was being aborted.
8/30/2008 6:44:28 AM;System.Threading.ThreadAbortException;Thread was being aborted.
8/30/2008 6:44:29 AM;System.Threading.ThreadAbortException;Thread was being aborted.
8/30/2008 6:44:29 AM;System.Threading.ThreadAbortException;Thread was being aborted.
8/30/2008 6:44:30 AM;System.Threading.ThreadAbortException;Thread was being aborted.
8/30/2008 6:44:30 AM;System.Threading.ThreadAbortException;Thread was being aborted.
8/30/2008 6:44:31 AM;System.Threading.ThreadAbortException;Thread was being aborted.
8/30/2008 6:45:43 AM;System.Threading.ThreadAbortException;Thread was being aborted.
8/30/2008 6:45:43 AM;System.Threading.ThreadAbortException;Thread was being aborted.
8/30/2008 6:45:43 AM;System.Threading.ThreadAbortException;Thread was being aborted.
8/30/2008 6:45:43 AM;System.Threading.ThreadAbortException;Thread was being aborted.
8/30/2008 6:45:43 AM;System.Threading.ThreadAbortException;Thread was being aborted.
8/30/2008 6:45:43 AM;System.Threading.ThreadAbortException;Thread was being aborted.
8/30/2008 6:45:43 AM;System.Threading.ThreadAbortException;Thread was being aborted.
8/30/2008 6:45:43 AM;System.Threading.ThreadAbortException;Thread was being aborted.
8/30/2008 6:45:43 AM;System.Threading.ThreadAbortException;Thread was being aborted.
8/30/2008 6:45:43 AM;System.Threading.ThreadAbortException;Thread was being aborted.
8/30/2008 6:45:43 AM;System.Threading.ThreadAbortException;Thread was being aborted.
8/30/2008 6:45:48 AM;System.Threading.ThreadAbortException;Thread was being aborted.
8/30/2008 6:45:48 AM;System.Threading.ThreadAbortException;Thread was being aborted.
8/30/2008 6:45:48 AM;System.Threading.ThreadAbortException;Thread was being aborted.
8/30/2008 6:45:48 AM;System.Threading.ThreadAbortException;Thread was being aborted.
8/30/2008 6:45:48 AM;System.Threading.ThreadAbortException;Thread was being aborted.
8/30/2008 6:45:48 AM;System.Threading.ThreadAbortException;Thread was being aborted.
8/30/2008 6:45:48 AM;System.Threading.ThreadAbortException;Thread was being aborted.
8/30/2008 6:45:49 AM;System.Threading.ThreadAbortException;Thread was being aborted.
8/30/2008 6:45:49 AM;System.Threading.ThreadAbortException;Thread was being aborted.
8/30/2008 6:45:50 AM;System.Threading.ThreadAbortException;Thread was being aborted.
8/30/2008 6:45:50 AM;System.Threading.ThreadAbortException;Thread was being aborted.
8/30/2008 6:45:51 AM;System.Threading.ThreadAbortException;Thread was being aborted.
8/30/2008 6:45:51 AM;System.Threading.ThreadAbortException;Thread was being aborted.
8/30/2008 6:45:51 AM;System.Threading.ThreadAbortException;Thread was being aborted.
8/30/2008 6:45:51 AM;System.Threading.ThreadAbortException;Thread was being aborted.
8/30/2008 6:45:51 AM;System.Threading.ThreadAbortException;Thread was being aborted.
8/30/2008 6:45:51 AM;System.Threading.ThreadAbortException;Thread was being aborted.
8/30/2008 6:45:51 AM;System.Threading.ThreadAbortException;Thread was being aborted.
8/30/2008 6:45:51 AM;System.Threading.ThreadAbortException;Thread was being aborted.
8/30/2008 6:45:51 AM;System.Threading.ThreadAbortException;Thread was being aborted.
8/30/2008 6:45:51 AM;System.Threading.ThreadAbortException;Thread was being aborted.
8/30/2008 6:45:52 AM;System.Threading.ThreadAbortException;Thread was being aborted.
8/30/2008 6:45:52 AM;System.Threading.ThreadAbortException;Thread was being aborted.
8/30/2008 6:45:52 AM;System.Threading.ThreadAbortException;Thread was being aborted.
8/30/2008 6:46:11 AM;System.Threading.ThreadAbortException;Thread was being aborted.
8/30/2008 6:46:11 AM;System.Threading.ThreadAbortException;Thread was being aborted.
8/30/2008 6:46:11 AM;System.Threading.ThreadAbortException;Thread was being aborted.
8/30/2008 6:46:11 AM;System.Threading.ThreadAbortException;Thread was being aborted.
8/30/2008 6:46:11 AM;System.Threading.ThreadAbortException;Thread was being aborted.
8/30/2008 6:46:11 AM;System.Threading.ThreadAbortException;Thread was being aborted.
8/30/2008 6:46:11 AM;System.Threading.ThreadAbortException;Thread was being aborted.
8/30/2008 6:46:11 AM;System.Threading.ThreadAbortException;Thread was being aborted.
8/30/2008 6:46:11 AM;System.Threading.ThreadAbortException;Thread was being aborted.
8/30/2008 6:46:11 AM;System.Threading.ThreadAbortException;Thread was being aborted.
8/30/2008 6:46:11 AM;System.Threading.ThreadAbortException;Thread was being aborted.
8/30/2008 6:46:14 AM;System.Threading.ThreadAbortException;Thread was being aborted.
8/30/2008 6:46:14 AM;System.Threading.ThreadAbortException;Thread was being aborted.
8/30/2008 6:46:14 AM;System.Threading.ThreadAbortException;Thread was being aborted.
8/30/2008 6:46:14 AM;System.Threading.ThreadAbortException;Thread was being aborted.
8/30/2008 6:46:14 AM;System.Threading.ThreadAbortException;Thread was being aborted.
8/30/2008 6:46:14 AM;System.Threading.ThreadAbortException;Thread was being aborted.
8/30/2008 6:46:15 AM;System.Threading.ThreadAbortException;Thread was being aborted.
8/30/2008 6:46:15 AM;System.Threading.ThreadAbortException;Thread was being aborted.
8/30/2008 6:46:16 AM;System.Threading.ThreadAbortException;Thread was being aborted.
8/30/2008 6:46:16 AM;System.Threading.ThreadAbortException;Thread was being aborted.
8/30/2008 6:46:17 AM;System.Threading.ThreadAbortException;Thread was being aborted.
8/30/2008 6:46:19 AM;System.Threading.ThreadAbortException;Thread was being aborted.
8/30/2008 6:46:19 AM;System.Threading.ThreadAbortException;Thread was being aborted.
8/30/2008 6:46:19 AM;System.Threading.ThreadAbortException;Thread was being aborted.
8/30/2008 6:46:20 AM;System.Threading.ThreadAbortException;Thread was being aborted.
8/30/2008 6:46:20 AM;System.Threading.ThreadAbortException;Thread was being aborted.
8/30/2008 6:46:20 AM;System.Threading.ThreadAbortException;Thread was being aborted.
8/30/2008 6:46:20 AM;System.Threading.ThreadAbortException;Thread was being aborted.
8/30/2008 6:46:20 AM;System.Threading.ThreadAbortException;Thread was being aborted.
8/30/2008 6:46:20 AM;System.Threading.ThreadAbortException;Thread was being aborted.
8/30/2008 6:46:21 AM;System.Threading.ThreadAbortException;Thread was being aborted.
8/30/2008 6:46:21 AM;System.Threading.ThreadAbortException;Thread was being aborted.
8/30/2008 6:46:23 AM;System.Threading.ThreadAbortException;Thread was being aborted.
8/30/2008 6:46:23 AM;System.Threading.ThreadAbortException;Thread was being aborted.
8/30/2008 6:46:23 AM;System.Threading.ThreadAbortException;Thread was being aborted.
8/30/2008 6:46:23 AM;System.Threading.ThreadAbortException;Thread was being aborted.
8/30/2008 6:46:23 AM;System.Threading.ThreadAbortException;Thread was being aborted.
8/30/2008 6:46:23 AM;System.Threading.ThreadAbortException;Thread was being aborted.
8/30/2008 6:46:23 AM;System.Threading.ThreadAbortException;Thread was being aborted.
8/30/2008 6:46:23 AM;System.Threading.ThreadAbortException;Thread was being aborted.
8/30/2008 6:46:23 AM;System.Threading.ThreadAbortException;Thread was being aborted.
8/30/2008 6:46:23 AM;System.Threading.ThreadAbortException;Thread was being aborted.
8/30/2008 6:46:23 AM;System.Threading.ThreadAbortException;Thread was being aborted.
8/30/2008 6:46:24 AM;System.Threading.ThreadAbortException;Thread was being aborted.
8/30/2008 6:46:24 AM;System.Threading.ThreadAbortException;Thread was being aborted.
8/30/2008 6:46:24 AM;System.Threading.ThreadAbortException;Thread was being aborted.
8/30/2008 6:46:41 AM;System.Threading.ThreadAbortException;Thread was being aborted.
8/30/2008 6:46:41 AM;System.Threading.ThreadAbortException;Thread was being aborted.
8/30/2008 6:46:41 AM;System.Threading.ThreadAbortException;Thread was being aborted.
8/30/2008 6:46:41 AM;System.Threading.ThreadAbortException;Thread was being aborted.
8/30/2008 6:46:41 AM;System.Threading.ThreadAbortException;Thread was being aborted.
8/30/2008 6:46:41 AM;System.Threading.ThreadAbortException;Thread was being aborted.
8/30/2008 6:46:41 AM;System.Threading.ThreadAbortException;Thread was being aborted.
8/30/2008 6:46:41 AM;System.Threading.ThreadAbortException;Thread was being aborted.
8/30/2008 6:46:41 AM;System.Threading.ThreadAbortException;Thread was being aborted.
8/30/2008 6:46:41 AM;System.Threading.ThreadAbortException;Thread was being aborted.
8/30/2008 6:46:41 AM;System.Threading.ThreadAbortException;Thread was being aborted.
8/30/2008 7:29:18 AM;System.Threading.ThreadAbortException;Thread was being aborted.
8/30/2008 7:29:23 AM;System.Threading.ThreadAbortException;Thread was being aborted.
8/30/2008 7:29:33 AM;System.Threading.ThreadAbortException;Thread was being aborted.
8/30/2008 7:37:04 AM;System.Threading.ThreadAbortException;Thread was being aborted.
8/30/2008 7:37:04 AM;System.Threading.ThreadAbortException;Thread was being aborted.
8/30/2008 7:37:04 AM;System.Threading.ThreadAbortException;Thread was being aborted.
8/30/2008 7:37:04 AM;System.Threading.ThreadAbortException;Thread was being aborted.
8/30/2008 7:37:04 AM;System.Threading.ThreadAbortException;Thread was being aborted.
8/30/2008 7:37:04 AM;System.Threading.ThreadAbortException;Thread was being aborted.
8/30/2008 7:37:05 AM;System.Threading.ThreadAbortException;Thread was being aborted.
8/30/2008 7:37:05 AM;System.Threading.ThreadAbortException;Thread was being aborted.
8/30/2008 7:37:05 AM;System.Threading.ThreadAbortException;Thread was being aborted.
8/30/2008 7:37:05 AM;System.Threading.ThreadAbortException;Thread was being aborted.
8/30/2008 7:37:05 AM;System.Threading.ThreadAbortException;Thread was being aborted.
8/30/2008 7:38:13 AM;System.Threading.ThreadAbortException;Thread was being aborted.
8/30/2008 7:38:13 AM;System.Threading.ThreadAbortException;Thread was being aborted.
8/30/2008 7:38:13 AM;System.Threading.ThreadAbortException;Thread was being aborted.
8/30/2008 7:38:13 AM;System.Threading.ThreadAbortException;Thread was being aborted.
8/30/2008 7:38:13 AM;System.Threading.ThreadAbortException;Thread was being aborted.
8/30/2008 7:38:13 AM;System.Threading.ThreadAbortException;Thread was being aborted.
8/30/2008 7:38:13 AM;System.Threading.ThreadAbortException;Thread was being aborted.
8/30/2008 7:38:13 AM;System.Threading.ThreadAbortException;Thread was being aborted.
8/30/2008 7:38:13 AM;System.Threading.ThreadAbortException;Thread was being aborted.
8/30/2008 7:38:13 AM;System.Threading.ThreadAbortException;Thread was being aborted.
8/30/2008 7:38:13 AM;System.Threading.ThreadAbortException;Thread was being aborted.
8/31/2008 7:38:17 PM;System.Threading.ThreadAbortException;Thread was being aborted.
8/31/2008 7:38:17 PM;System.Threading.ThreadAbortException;Thread was being aborted.
8/31/2008 7:38:17 PM;System.Threading.ThreadAbortException;Thread was being aborted.
8/31/2008 7:38:17 PM;System.Threading.ThreadAbortException;Thread was being aborted.
8/31/2008 7:38:17 PM;System.Threading.ThreadAbortException;Thread was being aborted.
8/31/2008 7:38:17 PM;System.Threading.ThreadAbortException;Thread was being aborted.
8/31/2008 7:38:17 PM;System.Threading.ThreadAbortException;Thread was being aborted.
8/31/2008 7:38:17 PM;System.Threading.ThreadAbortException;Thread was being aborted.
8/31/2008 7:38:18 PM;System.Threading.ThreadAbortException;Thread was being aborted.
8/31/2008 7:38:18 PM;System.Threading.ThreadAbortException;Thread was being aborted.
8/31/2008 7:38:18 PM;System.Threading.ThreadAbortException;Thread was being aborted.
8/31/2008 7:48:54 PM;System.Threading.ThreadAbortException;Thread was being aborted.
8/31/2008 7:48:54 PM;System.Threading.ThreadAbortException;Thread was being aborted.
8/31/2008 7:48:54 PM;System.Threading.ThreadAbortException;Thread was being aborted.
8/31/2008 7:48:54 PM;System.Threading.ThreadAbortException;Thread was being aborted.
8/31/2008 7:48:54 PM;System.Threading.ThreadAbortException;Thread was being aborted.
8/31/2008 7:48:54 PM;System.Threading.ThreadAbortException;Thread was being aborted.
8/31/2008 7:48:54 PM;System.Threading.ThreadAbortException;Thread was being aborted.
8/31/2008 7:48:54 PM;System.Threading.ThreadAbortException;Thread was being aborted.
8/31/2008 7:48:54 PM;System.Threading.ThreadAbortException;Thread was being aborted.
8/31/2008 7:48:54 PM;System.Threading.ThreadAbortException;Thread was being aborted.
8/31/2008 7:48:54 PM;System.Threading.ThreadAbortException;Thread was being aborted.
9/19/2008 7:33:30 PM;System.Threading.ThreadAbortException;Thread was being aborted.
9/19/2008 7:33:30 PM;System.Threading.ThreadAbortException;Thread was being aborted.
9/19/2008 7:33:30 PM;System.Threading.ThreadAbortException;Thread was being aborted.
9/19/2008 7:33:30 PM;System.Threading.ThreadAbortException;Thread was being aborted.
9/19/2008 7:33:30 PM;System.Threading.ThreadAbortException;Thread was being aborted.
9/19/2008 7:33:30 PM;System.Threading.ThreadAbortException;Thread was being aborted.
9/19/2008 7:33:30 PM;System.Threading.ThreadAbortException;Thread was being aborted.
9/19/2008 7:33:30 PM;System.Threading.ThreadAbortException;Thread was being aborted.
9/19/2008 7:33:30 PM;System.Threading.ThreadAbortException;Thread was being aborted.
9/19/2008 7:33:30 PM;System.Threading.ThreadAbortException;Thread was being aborted.
9/19/2008 7:33:30 PM;System.Threading.ThreadAbortException;Thread was being aborted.
9/19/2008 7:35:12 PM;System.Xml.XPath.XPathException;'about,' has an invalid token.
9/19/2008 7:35:12 PM;System.Xml.XPath.XPathException;'about,' has an invalid token.
9/19/2008 7:35:25 PM;System.Xml.XPath.XPathException;'about,' has an invalid token.
9/19/2008 7:35:25 PM;System.Xml.XPath.XPathException;'about,' has an invalid token.
9/19/2008 7:42:11 PM;System.Xml.XPath.XPathException;'about,' has an invalid token.
9/19/2008 7:42:11 PM;System.Xml.XPath.XPathException;'about,' has an invalid token.
9/19/2008 7:42:20 PM;System.Xml.XPath.XPathException;'about,' has an invalid token.
9/19/2008 7:42:20 PM;System.Xml.XPath.XPathException;'about,' has an invalid token.
9/19/2008 7:42:37 PM;System.Xml.XPath.XPathException;'about,search' has an invalid token.
9/19/2008 7:42:37 PM;System.Xml.XPath.XPathException;'about,search' has an invalid token.
10/7/2008 5:36:16 PM;System.IO.FileNotFoundException;Could not find file 'D:\www\htdocs\sharpcms\Custom\App_Data\Index\segments'.
10/7/2008 5:38:57 PM;System.IO.FileNotFoundException;Could not find file 'D:\www\htdocs\sharpcms\Custom\App_Data\Index\segments'.
10/7/2008 5:48:33 PM;System.IO.IOException;D:\www\htdocs\sharpcms\Custom\App_Data\Index\german not a directory
10/7/2008 5:49:02 PM;System.Threading.ThreadAbortException;Thread was being aborted.
10/7/2008 5:49:02 PM;System.Threading.ThreadAbortException;Thread was being aborted.
10/7/2008 5:49:02 PM;System.Threading.ThreadAbortException;Thread was being aborted.
10/7/2008 5:49:02 PM;System.Threading.ThreadAbortException;Thread was being aborted.
10/7/2008 5:49:02 PM;System.Threading.ThreadAbortException;Thread was being aborted.
10/7/2008 5:49:02 PM;System.Threading.ThreadAbortException;Thread was being aborted.
10/7/2008 5:49:02 PM;System.Threading.ThreadAbortException;Thread was being aborted.
10/7/2008 5:49:02 PM;System.Threading.ThreadAbortException;Thread was being aborted.
10/7/2008 5:49:02 PM;System.Threading.ThreadAbortException;Thread was being aborted.
10/7/2008 5:49:02 PM;System.Threading.ThreadAbortException;Thread was being aborted.
10/7/2008 5:49:02 PM;System.Threading.ThreadAbortException;Thread was being aborted.
10/7/2008 6:00:21 PM;System.Threading.ThreadAbortException;Thread was being aborted.
10/7/2008 6:00:21 PM;System.Threading.ThreadAbortException;Thread was being aborted.
10/7/2008 6:00:21 PM;System.Threading.ThreadAbortException;Thread was being aborted.
10/7/2008 6:00:21 PM;System.Threading.ThreadAbortException;Thread was being aborted.
10/7/2008 6:00:21 PM;System.Threading.ThreadAbortException;Thread was being aborted.
10/7/2008 6:00:21 PM;System.Threading.ThreadAbortException;Thread was being aborted.
10/7/2008 6:00:21 PM;System.Threading.ThreadAbortException;Thread was being aborted.
10/7/2008 6:00:21 PM;System.Threading.ThreadAbortException;Thread was being aborted.
10/7/2008 6:00:21 PM;System.Threading.ThreadAbortException;Thread was being aborted.
10/7/2008 6:00:21 PM;System.Threading.ThreadAbortException;Thread was being aborted.
10/7/2008 6:00:21 PM;System.Threading.ThreadAbortException;Thread was being aborted.
10/7/2008 6:27:21 PM;System.NullReferenceException;Object reference not set to an instance of an object.
10/7/2008 6:27:34 PM;System.NullReferenceException;Object reference not set to an instance of an object.
10/7/2008 6:46:16 PM;System.NullReferenceException;Object reference not set to an instance of an object.
10/7/2008 6:47:41 PM;Lucene.Net.QueryParsers.ParseException;Lexical error at line 1, column 2.  Encountered: <EOF> after : ""
10/7/2008 6:48:10 PM;System.NullReferenceException;Object reference not set to an instance of an object.
10/7/2008 7:22:48 PM;System.Threading.ThreadAbortException;Thread was being aborted.
10/7/2008 7:22:48 PM;System.Threading.ThreadAbortException;Thread was being aborted.
10/7/2008 7:22:48 PM;System.Threading.ThreadAbortException;Thread was being aborted.
10/7/2008 7:22:48 PM;System.Threading.ThreadAbortException;Thread was being aborted.
10/7/2008 7:22:48 PM;System.Threading.ThreadAbortException;Thread was being aborted.
10/7/2008 7:22:48 PM;System.Threading.ThreadAbortException;Thread was being aborted.
10/7/2008 7:22:48 PM;System.Threading.ThreadAbortException;Thread was being aborted.
10/7/2008 7:22:48 PM;System.Threading.ThreadAbortException;Thread was being aborted.
10/7/2008 7:22:48 PM;System.Threading.ThreadAbortException;Thread was being aborted.
10/7/2008 7:22:48 PM;System.Threading.ThreadAbortException;Thread was being aborted.
10/7/2008 7:22:49 PM;System.Web.HttpException;The remote host closed the connection. The error code is 0x80070057.
10/7/2008 7:22:50 PM;System.Threading.ThreadAbortException;Thread was being aborted.
10/7/2008 7:35:18 PM;System.Xml.XPath.XPathException;'search,english' has an invalid token.
10/7/2008 7:35:18 PM;System.Xml.XPath.XPathException;'search,show' has an invalid token.
10/7/2008 7:35:18 PM;System.Xml.XPath.XPathException;'search,show' has an invalid token.
10/7/2008 7:35:18 PM;System.Xml.XPath.XPathException;'search,show' has an invalid token.
